# JRE version: OpenJDK Runtime Environment (8.0_242-b01) (build 1.8.0_242-release-1644-b01)
# Java VM: OpenJDK 64-Bit Server VM (25.242-b01 mixed mode windows-amd64 compressed oops)
Heap:
 PSYoungGen      total 227328K, used 128915K [0x00000000e0000000, 0x00000000f1a00000, 0x0000000100000000)
  eden space 208384K, 53% used [0x00000000e0000000,0x00000000e6d25208,0x00000000ecb80000)
  from space 18944K, 90% used [0x00000000ecb80000,0x00000000edc3fb00,0x00000000ede00000)
  to   space 20480K, 0% used [0x00000000f0600000,0x00000000f0600000,0x00000000f1a00000)
 ParOldGen       total 203776K, used 30109K [0x00000000a0000000, 0x00000000ac700000, 0x00000000e0000000)
  object space 203776K, 14% used [0x00000000a0000000,0x00000000a1d676a0,0x00000000ac700000)
 Metaspace       used 67458K, capacity 71150K, committed 71512K, reserved 1112064K
  class space    used 9042K, capacity 9734K, committed 9856K, reserved 1048576K
GC Heap History (10 events):
Event: 5.887 GC heap before
{Heap before GC invocations=10 (full 2):
 PSYoungGen      total 122880K, used 110592K [0x00000000e0000000, 0x00000000ed300000, 0x0000000100000000)
  eden space 110592K, 100% used [0x00000000e0000000,0x00000000e6c00000,0x00000000e6c00000)
  from space 12288K, 0% used [0x00000000e6c00000,0x00000000e6c00000,0x00000000e7800000)
  to   space 11776K, 0% used [0x00000000ec780000,0x00000000ec780000,0x00000000ed300000)
 ParOldGen       total 136192K, used 14606K [0x00000000a0000000, 0x00000000a8500000, 0x00000000e0000000)
  object space 136192K, 10% used [0x00000000a0000000,0x00000000a0e43a40,0x00000000a8500000)
 Metaspace       used 38397K, capacity 40044K, committed 40280K, reserved 1083392K
  class space    used 5285K, capacity 5647K, committed 5760K, reserved 1048576K
Event: 5.895 GC heap after
Heap after GC invocations=10 (full 2):
 PSYoungGen      total 172544K, used 8559K [0x00000000e0000000, 0x00000000ed000000, 0x0000000100000000)
  eden space 163840K, 0% used [0x00000000e0000000,0x00000000e0000000,0x00000000ea000000)
  from space 8704K, 98% used [0x00000000ec780000,0x00000000ecfdbf50,0x00000000ed000000)
  to   space 11776K, 0% used [0x00000000eb900000,0x00000000eb900000,0x00000000ec480000)
 ParOldGen       total 136192K, used 14614K [0x00000000a0000000, 0x00000000a8500000, 0x00000000e0000000)
  object space 136192K, 10% used [0x00000000a0000000,0x00000000a0e45a40,0x00000000a8500000)
 Metaspace       used 38397K, capacity 40044K, committed 40280K, reserved 1083392K
  class space    used 5285K, capacity 5647K, committed 5760K, reserved 1048576K
}
Event: 7.876 GC heap before
{Heap before GC invocations=11 (full 2):
 PSYoungGen      total 172544K, used 172399K [0x00000000e0000000, 0x00000000ed000000, 0x0000000100000000)
  eden space 163840K, 100% used [0x00000000e0000000,0x00000000ea000000,0x00000000ea000000)
  from space 8704K, 98% used [0x00000000ec780000,0x00000000ecfdbf50,0x00000000ed000000)
  to   space 11776K, 0% used [0x00000000eb900000,0x00000000eb900000,0x00000000ec480000)
 ParOldGen       total 136192K, used 14614K [0x00000000a0000000, 0x00000000a8500000, 0x00000000e0000000)
  object space 136192K, 10% used [0x00000000a0000000,0x00000000a0e45a40,0x00000000a8500000)
 Metaspace       used 54234K, capacity 56542K, committed 56792K, reserved 1097728K
  class space    used 7378K, capacity 7896K, committed 7936K, reserved 1048576K
Event: 7.903 GC heap after
Heap after GC invocations=11 (full 2):
 PSYoungGen      total 201216K, used 11748K [0x00000000e0000000, 0x00000000eef80000, 0x0000000100000000)
  eden space 189440K, 0% used [0x00000000e0000000,0x00000000e0000000,0x00000000eb900000)
  from space 11776K, 99% used [0x00000000eb900000,0x00000000ec479310,0x00000000ec480000)
  to   space 17920K, 0% used [0x00000000ede00000,0x00000000ede00000,0x00000000eef80000)
 ParOldGen       total 136192K, used 28178K [0x00000000a0000000, 0x00000000a8500000, 0x00000000e0000000)
  object space 136192K, 20% used [0x00000000a0000000,0x00000000a1b84918,0x00000000a8500000)
 Metaspace       used 54234K, capacity 56542K, committed 56792K, reserved 1097728K
  class space    used 7378K, capacity 7896K, committed 7936K, reserved 1048576K
}
Event: 8.329 GC heap before
{Heap before GC invocations=12 (full 2):
 PSYoungGen      total 201216K, used 44138K [0x00000000e0000000, 0x00000000eef80000, 0x0000000100000000)
  eden space 189440K, 17% used [0x00000000e0000000,0x00000000e1fa1870,0x00000000eb900000)
  from space 11776K, 99% used [0x00000000eb900000,0x00000000ec479310,0x00000000ec480000)
  to   space 17920K, 0% used [0x00000000ede00000,0x00000000ede00000,0x00000000eef80000)
 ParOldGen       total 136192K, used 28178K [0x00000000a0000000, 0x00000000a8500000, 0x00000000e0000000)
  object space 136192K, 20% used [0x00000000a0000000,0x00000000a1b84918,0x00000000a8500000)
 Metaspace       used 56468K, capacity 58838K, committed 58968K, reserved 1099776K
  class space    used 7724K, capacity 8240K, committed 8320K, reserved 1048576K
Event: 8.340 GC heap after
Heap after GC invocations=12 (full 2):
 PSYoungGen      total 226304K, used 14840K [0x00000000e0000000, 0x00000000f1500000, 0x0000000100000000)
  eden space 208384K, 0% used [0x00000000e0000000,0x00000000e0000000,0x00000000ecb80000)
  from space 17920K, 82% used [0x00000000ede00000,0x00000000eec7e180,0x00000000eef80000)
  to   space 18944K, 0% used [0x00000000ecb80000,0x00000000ecb80000,0x00000000ede00000)
 ParOldGen       total 136192K, used 28186K [0x00000000a0000000, 0x00000000a8500000, 0x00000000e0000000)
  object space 136192K, 20% used [0x00000000a0000000,0x00000000a1b86918,0x00000000a8500000)
 Metaspace       used 56468K, capacity 58838K, committed 58968K, reserved 1099776K
  class space    used 7724K, capacity 8240K, committed 8320K, reserved 1048576K
}
Event: 8.340 GC heap before
{Heap before GC invocations=13 (full 3):
 PSYoungGen      total 226304K, used 14840K [0x00000000e0000000, 0x00000000f1500000, 0x0000000100000000)
  eden space 208384K, 0% used [0x00000000e0000000,0x00000000e0000000,0x00000000ecb80000)
  from space 17920K, 82% used [0x00000000ede00000,0x00000000eec7e180,0x00000000eef80000)
  to   space 18944K, 0% used [0x00000000ecb80000,0x00000000ecb80000,0x00000000ede00000)
 ParOldGen       total 136192K, used 28186K [0x00000000a0000000, 0x00000000a8500000, 0x00000000e0000000)
  object space 136192K, 20% used [0x00000000a0000000,0x00000000a1b86918,0x00000000a8500000)
 Metaspace       used 56468K, capacity 58838K, committed 58968K, reserved 1099776K
  class space    used 7724K, capacity 8240K, committed 8320K, reserved 1048576K
Event: 8.590 GC heap after
Heap after GC invocations=13 (full 3):
 PSYoungGen      total 226304K, used 0K [0x00000000e0000000, 0x00000000f1500000, 0x0000000100000000)
  eden space 208384K, 0% used [0x00000000e0000000,0x00000000e0000000,0x00000000ecb80000)
  from space 17920K, 0% used [0x00000000ede00000,0x00000000ede00000,0x00000000eef80000)
  to   space 18944K, 0% used [0x00000000ecb80000,0x00000000ecb80000,0x00000000ede00000)
 ParOldGen       total 203776K, used 30101K [0x00000000a0000000, 0x00000000ac700000, 0x00000000e0000000)
  object space 203776K, 14% used [0x00000000a0000000,0x00000000a1d656a0,0x00000000ac700000)
 Metaspace       used 56430K, capacity 58712K, committed 58968K, reserved 1099776K
  class space    used 7713K, capacity 8219K, committed 8320K, reserved 1048576K
}
Event: 10.562 GC heap before
{Heap before GC invocations=14 (full 3):
 PSYoungGen      total 226304K, used 208384K [0x00000000e0000000, 0x00000000f1500000, 0x0000000100000000)
  eden space 208384K, 100% used [0x00000000e0000000,0x00000000ecb80000,0x00000000ecb80000)
  from space 17920K, 0% used [0x00000000ede00000,0x00000000ede00000,0x00000000eef80000)
  to   space 18944K, 0% used [0x00000000ecb80000,0x00000000ecb80000,0x00000000ede00000)
 ParOldGen       total 203776K, used 30101K [0x00000000a0000000, 0x00000000ac700000, 0x00000000e0000000)
  object space 203776K, 14% used [0x00000000a0000000,0x00000000a1d656a0,0x00000000ac700000)
 Metaspace       used 63619K, capacity 67084K, committed 67416K, reserved 1107968K
  class space    used 8801K, capacity 9473K, committed 9600K, reserved 1048576K
Event: 10.575 GC heap after
Heap after GC invocations=14 (full 3):
 PSYoungGen      total 227328K, used 17150K [0x00000000e0000000, 0x00000000f1a00000, 0x0000000100000000)
  eden space 208384K, 0% used [0x00000000e0000000,0x00000000e0000000,0x00000000ecb80000)
  from space 18944K, 90% used [0x00000000ecb80000,0x00000000edc3fb00,0x00000000ede00000)
  to   space 20480K, 0% used [0x00000000f0600000,0x00000000f0600000,0x00000000f1a00000)
 ParOldGen       total 203776K, used 30109K [0x00000000a0000000, 0x00000000ac700000, 0x00000000e0000000)
  object space 203776K, 14% used [0x00000000a0000000,0x00000000a1d676a0,0x00000000ac700000)
 Metaspace       used 63619K, capacity 67084K, committed 67416K, reserved 1107968K
  class space    used 8801K, capacity 9473K, committed 9600K, reserved 1048576K
}

