# JRE version: OpenJDK Runtime Environment (8.0_242-b01) (build 1.8.0_242-release-1644-b01)
# Java VM: OpenJDK 64-Bit Server VM (25.242-b01 mixed mode windows-amd64 compressed oops)
Heap:
 PSYoungGen      total 223744K, used 130322K [0x00000000e0000000, 0x00000000f1400000, 0x0000000100000000)
  eden space 205824K, 63% used [0x00000000e0000000,0x00000000e7f44990,0x00000000ec900000)
  from space 17920K, 0% used [0x00000000edb80000,0x00000000edb80000,0x00000000eed00000)
  to   space 18944K, 0% used [0x00000000ec900000,0x00000000ec900000,0x00000000edb80000)
 ParOldGen       total 204288K, used 30231K [0x00000000a0000000, 0x00000000ac780000, 0x00000000e0000000)
  object space 204288K, 14% used [0x00000000a0000000,0x00000000a1d85d88,0x00000000ac780000)
 Metaspace       used 62896K, capacity 66396K, committed 66520K, reserved 1110016K
  class space    used 8760K, capacity 9425K, committed 9472K, reserved 1048576K
GC Heap History (10 events):
Event: 4.045 GC heap before
{Heap before GC invocations=9 (full 2):
 PSYoungGen      total 123392K, used 8010K [0x00000000e0000000, 0x00000000ed480000, 0x0000000100000000)
  eden space 111104K, 0% used [0x00000000e0000000,0x00000000e0000000,0x00000000e6c80000)
  from space 12288K, 65% used [0x00000000e6c80000,0x00000000e74529c0,0x00000000e7880000)
  to   space 11776K, 0% used [0x00000000ec900000,0x00000000ec900000,0x00000000ed480000)
 ParOldGen       total 89600K, used 7350K [0x00000000a0000000, 0x00000000a5780000, 0x00000000e0000000)
  object space 89600K, 8% used [0x00000000a0000000,0x00000000a072d818,0x00000000a5780000)
 Metaspace       used 34159K, capacity 35392K, committed 35416K, reserved 1079296K
  class space    used 4703K, capacity 4973K, committed 4992K, reserved 1048576K
Event: 4.086 GC heap after
Heap after GC invocations=9 (full 2):
 PSYoungGen      total 123392K, used 0K [0x00000000e0000000, 0x00000000ed480000, 0x0000000100000000)
  eden space 111104K, 0% used [0x00000000e0000000,0x00000000e0000000,0x00000000e6c80000)
  from space 12288K, 0% used [0x00000000e6c80000,0x00000000e6c80000,0x00000000e7880000)
  to   space 11776K, 0% used [0x00000000ec900000,0x00000000ec900000,0x00000000ed480000)
 ParOldGen       total 136192K, used 14610K [0x00000000a0000000, 0x00000000a8500000, 0x00000000e0000000)
  object space 136192K, 10% used [0x00000000a0000000,0x00000000a0e44980,0x00000000a8500000)
 Metaspace       used 34159K, capacity 35392K, committed 35416K, reserved 1079296K
  class space    used 4703K, capacity 4973K, committed 4992K, reserved 1048576K
}
Event: 4.801 GC heap before
{Heap before GC invocations=10 (full 2):
 PSYoungGen      total 123392K, used 111104K [0x00000000e0000000, 0x00000000ed480000, 0x0000000100000000)
  eden space 111104K, 100% used [0x00000000e0000000,0x00000000e6c80000,0x00000000e6c80000)
  from space 12288K, 0% used [0x00000000e6c80000,0x00000000e6c80000,0x00000000e7880000)
  to   space 11776K, 0% used [0x00000000ec900000,0x00000000ec900000,0x00000000ed480000)
 ParOldGen       total 136192K, used 14610K [0x00000000a0000000, 0x00000000a8500000, 0x00000000e0000000)
  object space 136192K, 10% used [0x00000000a0000000,0x00000000a0e44980,0x00000000a8500000)
 Metaspace       used 38439K, capacity 40196K, committed 40536K, reserved 1083392K
  class space    used 5297K, capacity 5661K, committed 5760K, reserved 1048576K
Event: 4.808 GC heap after
Heap after GC invocations=10 (full 2):
 PSYoungGen      total 172544K, used 8447K [0x00000000e0000000, 0x00000000ed180000, 0x0000000100000000)
  eden space 163840K, 0% used [0x00000000e0000000,0x00000000e0000000,0x00000000ea000000)
  from space 8704K, 97% used [0x00000000ec900000,0x00000000ed13fc58,0x00000000ed180000)
  to   space 11776K, 0% used [0x00000000eba80000,0x00000000eba80000,0x00000000ec600000)
 ParOldGen       total 136192K, used 14618K [0x00000000a0000000, 0x00000000a8500000, 0x00000000e0000000)
  object space 136192K, 10% used [0x00000000a0000000,0x00000000a0e46980,0x00000000a8500000)
 Metaspace       used 38439K, capacity 40196K, committed 40536K, reserved 1083392K
  class space    used 5297K, capacity 5661K, committed 5760K, reserved 1048576K
}
Event: 6.507 GC heap before
{Heap before GC invocations=11 (full 2):
 PSYoungGen      total 172544K, used 172287K [0x00000000e0000000, 0x00000000ed180000, 0x0000000100000000)
  eden space 163840K, 100% used [0x00000000e0000000,0x00000000ea000000,0x00000000ea000000)
  from space 8704K, 97% used [0x00000000ec900000,0x00000000ed13fc58,0x00000000ed180000)
  to   space 11776K, 0% used [0x00000000eba80000,0x00000000eba80000,0x00000000ec600000)
 ParOldGen       total 136192K, used 14618K [0x00000000a0000000, 0x00000000a8500000, 0x00000000e0000000)
  object space 136192K, 10% used [0x00000000a0000000,0x00000000a0e46980,0x00000000a8500000)
 Metaspace       used 53968K, capacity 56320K, committed 56536K, reserved 1097728K
  class space    used 7337K, capacity 7830K, committed 7936K, reserved 1048576K
Event: 6.522 GC heap after
Heap after GC invocations=11 (full 2):
 PSYoungGen      total 202752K, used 11772K [0x00000000e0000000, 0x00000000eed00000, 0x0000000100000000)
  eden space 190976K, 0% used [0x00000000e0000000,0x00000000e0000000,0x00000000eba80000)
  from space 11776K, 99% used [0x00000000eba80000,0x00000000ec5ff340,0x00000000ec600000)
  to   space 17920K, 0% used [0x00000000edb80000,0x00000000edb80000,0x00000000eed00000)
 ParOldGen       total 136192K, used 27756K [0x00000000a0000000, 0x00000000a8500000, 0x00000000e0000000)
  object space 136192K, 20% used [0x00000000a0000000,0x00000000a1b1b308,0x00000000a8500000)
 Metaspace       used 53968K, capacity 56320K, committed 56536K, reserved 1097728K
  class space    used 7337K, capacity 7830K, committed 7936K, reserved 1048576K
}
Event: 6.814 GC heap before
{Heap before GC invocations=12 (full 2):
 PSYoungGen      total 202752K, used 50840K [0x00000000e0000000, 0x00000000eed00000, 0x0000000100000000)
  eden space 190976K, 20% used [0x00000000e0000000,0x00000000e2627048,0x00000000eba80000)
  from space 11776K, 99% used [0x00000000eba80000,0x00000000ec5ff340,0x00000000ec600000)
  to   space 17920K, 0% used [0x00000000edb80000,0x00000000edb80000,0x00000000eed00000)
 ParOldGen       total 136192K, used 27756K [0x00000000a0000000, 0x00000000a8500000, 0x00000000e0000000)
  object space 136192K, 20% used [0x00000000a0000000,0x00000000a1b1b308,0x00000000a8500000)
 Metaspace       used 56422K, capacity 58834K, committed 58968K, reserved 1099776K
  class space    used 7724K, capacity 8222K, committed 8320K, reserved 1048576K
Event: 6.822 GC heap after
Heap after GC invocations=12 (full 2):
 PSYoungGen      total 223744K, used 15180K [0x00000000e0000000, 0x00000000f1400000, 0x0000000100000000)
  eden space 205824K, 0% used [0x00000000e0000000,0x00000000e0000000,0x00000000ec900000)
  from space 17920K, 84% used [0x00000000edb80000,0x00000000eea531e0,0x00000000eed00000)
  to   space 18944K, 0% used [0x00000000ec900000,0x00000000ec900000,0x00000000edb80000)
 ParOldGen       total 136192K, used 27764K [0x00000000a0000000, 0x00000000a8500000, 0x00000000e0000000)
  object space 136192K, 20% used [0x00000000a0000000,0x00000000a1b1d308,0x00000000a8500000)
 Metaspace       used 56422K, capacity 58834K, committed 58968K, reserved 1099776K
  class space    used 7724K, capacity 8222K, committed 8320K, reserved 1048576K
}
Event: 6.822 GC heap before
{Heap before GC invocations=13 (full 3):
 PSYoungGen      total 223744K, used 15180K [0x00000000e0000000, 0x00000000f1400000, 0x0000000100000000)
  eden space 205824K, 0% used [0x00000000e0000000,0x00000000e0000000,0x00000000ec900000)
  from space 17920K, 84% used [0x00000000edb80000,0x00000000eea531e0,0x00000000eed00000)
  to   space 18944K, 0% used [0x00000000ec900000,0x00000000ec900000,0x00000000edb80000)
 ParOldGen       total 136192K, used 27764K [0x00000000a0000000, 0x00000000a8500000, 0x00000000e0000000)
  object space 136192K, 20% used [0x00000000a0000000,0x00000000a1b1d308,0x00000000a8500000)
 Metaspace       used 56422K, capacity 58834K, committed 58968K, reserved 1099776K
  class space    used 7724K, capacity 8222K, committed 8320K, reserved 1048576K
Event: 7.018 GC heap after
Heap after GC invocations=13 (full 3):
 PSYoungGen      total 223744K, used 0K [0x00000000e0000000, 0x00000000f1400000, 0x0000000100000000)
  eden space 205824K, 0% used [0x00000000e0000000,0x00000000e0000000,0x00000000ec900000)
  from space 17920K, 0% used [0x00000000edb80000,0x00000000edb80000,0x00000000eed00000)
  to   space 18944K, 0% used [0x00000000ec900000,0x00000000ec900000,0x00000000edb80000)
 ParOldGen       total 204288K, used 30231K [0x00000000a0000000, 0x00000000ac780000, 0x00000000e0000000)
  object space 204288K, 14% used [0x00000000a0000000,0x00000000a1d85d88,0x00000000ac780000)
 Metaspace       used 56360K, capacity 58624K, committed 58968K, reserved 1099776K
  class space    used 7705K, capacity 8187K, committed 8320K, reserved 1048576K
}

