# JRE version: OpenJDK Runtime Environment (8.0_242-b01) (build 1.8.0_242-release-1644-b01)
# Java VM: OpenJDK 64-Bit Server VM (25.242-b01 mixed mode windows-amd64 compressed oops)
Heap:
 PSYoungGen      total 299008K, used 101887K [0x00000000e0000000, 0x00000000f4100000, 0x0000000100000000)
  eden space 276480K, 28% used [0x00000000e0000000,0x00000000e4dd4e38,0x00000000f0e00000)
  from space 22528K, 98% used [0x00000000f2b00000,0x00000000f40aaf00,0x00000000f4100000)
  to   space 25600K, 0% used [0x00000000f0f00000,0x00000000f0f00000,0x00000000f2800000)
 ParOldGen       total 199168K, used 43168K [0x00000000a0000000, 0x00000000ac280000, 0x00000000e0000000)
  object space 199168K, 21% used [0x00000000a0000000,0x00000000a2a28318,0x00000000ac280000)
 Metaspace       used 88798K, capacity 94158K, committed 94296K, reserved 1130496K
  class space    used 11859K, capacity 12833K, committed 12928K, reserved 1048576K
GC Heap History (10 events):
Event: 9.463 GC heap before
{Heap before GC invocations=13 (full 3):
 PSYoungGen      total 228864K, used 14324K [0x00000000e0000000, 0x00000000f2000000, 0x0000000100000000)
  eden space 210944K, 0% used [0x00000000e0000000,0x00000000e0000000,0x00000000ece00000)
  from space 17920K, 79% used [0x00000000ee080000,0x00000000eee7d268,0x00000000ef200000)
  to   space 18944K, 0% used [0x00000000ece00000,0x00000000ece00000,0x00000000ee080000)
 ParOldGen       total 134144K, used 28381K [0x00000000a0000000, 0x00000000a8300000, 0x00000000e0000000)
  object space 134144K, 21% used [0x00000000a0000000,0x00000000a1bb7680,0x00000000a8300000)
 Metaspace       used 56430K, capacity 58858K, committed 58968K, reserved 1099776K
  class space    used 7724K, capacity 8216K, committed 8320K, reserved 1048576K
Event: 9.691 GC heap after
Heap after GC invocations=13 (full 3):
 PSYoungGen      total 228864K, used 0K [0x00000000e0000000, 0x00000000f2000000, 0x0000000100000000)
  eden space 210944K, 0% used [0x00000000e0000000,0x00000000e0000000,0x00000000ece00000)
  from space 17920K, 0% used [0x00000000ee080000,0x00000000ee080000,0x00000000ef200000)
  to   space 18944K, 0% used [0x00000000ece00000,0x00000000ece00000,0x00000000ee080000)
 ParOldGen       total 199168K, used 29848K [0x00000000a0000000, 0x00000000ac280000, 0x00000000e0000000)
  object space 199168K, 14% used [0x00000000a0000000,0x00000000a1d26130,0x00000000ac280000)
 Metaspace       used 56379K, capacity 58684K, committed 58968K, reserved 1099776K
  class space    used 7708K, capacity 8187K, committed 8320K, reserved 1048576K
}
Event: 13.045 GC heap before
{Heap before GC invocations=14 (full 3):
 PSYoungGen      total 228864K, used 210535K [0x00000000e0000000, 0x00000000f2000000, 0x0000000100000000)
  eden space 210944K, 99% used [0x00000000e0000000,0x00000000ecd99f50,0x00000000ece00000)
  from space 17920K, 0% used [0x00000000ee080000,0x00000000ee080000,0x00000000ef200000)
  to   space 18944K, 0% used [0x00000000ece00000,0x00000000ece00000,0x00000000ee080000)
 ParOldGen       total 199168K, used 29848K [0x00000000a0000000, 0x00000000ac280000, 0x00000000e0000000)
  object space 199168K, 14% used [0x00000000a0000000,0x00000000a1d26130,0x00000000ac280000)
 Metaspace       used 68129K, capacity 71594K, committed 71768K, reserved 1112064K
  class space    used 9419K, capacity 10063K, committed 10112K, reserved 1048576K
Event: 13.060 GC heap after
Heap after GC invocations=14 (full 3):
 PSYoungGen      total 229888K, used 18930K [0x00000000e0000000, 0x00000000f2100000, 0x0000000100000000)
  eden space 210944K, 0% used [0x00000000e0000000,0x00000000e0000000,0x00000000ece00000)
  from space 18944K, 99% used [0x00000000ece00000,0x00000000ee07c920,0x00000000ee080000)
  to   space 21504K, 0% used [0x00000000f0c00000,0x00000000f0c00000,0x00000000f2100000)
 ParOldGen       total 199168K, used 30496K [0x00000000a0000000, 0x00000000ac280000, 0x00000000e0000000)
  object space 199168K, 15% used [0x00000000a0000000,0x00000000a1dc8330,0x00000000ac280000)
 Metaspace       used 68129K, capacity 71594K, committed 71768K, reserved 1112064K
  class space    used 9419K, capacity 10063K, committed 10112K, reserved 1048576K
}
Event: 17.470 GC heap before
{Heap before GC invocations=15 (full 3):
 PSYoungGen      total 229888K, used 229874K [0x00000000e0000000, 0x00000000f2100000, 0x0000000100000000)
  eden space 210944K, 100% used [0x00000000e0000000,0x00000000ece00000,0x00000000ece00000)
  from space 18944K, 99% used [0x00000000ece00000,0x00000000ee07c920,0x00000000ee080000)
  to   space 21504K, 0% used [0x00000000f0c00000,0x00000000f0c00000,0x00000000f2100000)
 ParOldGen       total 199168K, used 30496K [0x00000000a0000000, 0x00000000ac280000, 0x00000000e0000000)
  object space 199168K, 15% used [0x00000000a0000000,0x00000000a1dc8330,0x00000000ac280000)
 Metaspace       used 82267K, capacity 87118K, committed 87384K, reserved 1124352K
  class space    used 11422K, capacity 12307K, committed 12416K, reserved 1048576K
Event: 17.491 GC heap after
Heap after GC invocations=15 (full 3):
 PSYoungGen      total 267776K, used 19709K [0x00000000e0000000, 0x00000000f1f80000, 0x0000000100000000)
  eden space 247808K, 0% used [0x00000000e0000000,0x00000000e0000000,0x00000000ef200000)
  from space 19968K, 98% used [0x00000000f0c00000,0x00000000f1f3f450,0x00000000f1f80000)
  to   space 23040K, 0% used [0x00000000ef280000,0x00000000ef280000,0x00000000f0900000)
 ParOldGen       total 199168K, used 43152K [0x00000000a0000000, 0x00000000ac280000, 0x00000000e0000000)
  object space 199168K, 21% used [0x00000000a0000000,0x00000000a2a24318,0x00000000ac280000)
 Metaspace       used 82267K, capacity 87118K, committed 87384K, reserved 1124352K
  class space    used 11422K, capacity 12307K, committed 12416K, reserved 1048576K
}
Event: 138.825 GC heap before
{Heap before GC invocations=16 (full 3):
 PSYoungGen      total 267776K, used 267517K [0x00000000e0000000, 0x00000000f1f80000, 0x0000000100000000)
  eden space 247808K, 100% used [0x00000000e0000000,0x00000000ef200000,0x00000000ef200000)
  from space 19968K, 98% used [0x00000000f0c00000,0x00000000f1f3f450,0x00000000f1f80000)
  to   space 23040K, 0% used [0x00000000ef280000,0x00000000ef280000,0x00000000f0900000)
 ParOldGen       total 199168K, used 43152K [0x00000000a0000000, 0x00000000ac280000, 0x00000000e0000000)
  object space 199168K, 21% used [0x00000000a0000000,0x00000000a2a24318,0x00000000ac280000)
 Metaspace       used 87312K, capacity 92326K, committed 92376K, reserved 1128448K
  class space    used 11814K, capacity 12755K, committed 12800K, reserved 1048576K
Event: 138.838 GC heap after
Heap after GC invocations=16 (full 3):
 PSYoungGen      total 271360K, used 14637K [0x00000000e0000000, 0x00000000f4180000, 0x0000000100000000)
  eden space 248320K, 0% used [0x00000000e0000000,0x00000000e0000000,0x00000000ef280000)
  from space 23040K, 63% used [0x00000000ef280000,0x00000000f00cb668,0x00000000f0900000)
  to   space 23040K, 0% used [0x00000000f2b00000,0x00000000f2b00000,0x00000000f4180000)
 ParOldGen       total 199168K, used 43160K [0x00000000a0000000, 0x00000000ac280000, 0x00000000e0000000)
  object space 199168K, 21% used [0x00000000a0000000,0x00000000a2a26318,0x00000000ac280000)
 Metaspace       used 87312K, capacity 92326K, committed 92376K, reserved 1128448K
  class space    used 11814K, capacity 12755K, committed 12800K, reserved 1048576K
}
Event: 235.039 GC heap before
{Heap before GC invocations=17 (full 3):
 PSYoungGen      total 271360K, used 262957K [0x00000000e0000000, 0x00000000f4180000, 0x0000000100000000)
  eden space 248320K, 100% used [0x00000000e0000000,0x00000000ef280000,0x00000000ef280000)
  from space 23040K, 63% used [0x00000000ef280000,0x00000000f00cb668,0x00000000f0900000)
  to   space 23040K, 0% used [0x00000000f2b00000,0x00000000f2b00000,0x00000000f4180000)
 ParOldGen       total 199168K, used 43160K [0x00000000a0000000, 0x00000000ac280000, 0x00000000e0000000)
  object space 199168K, 21% used [0x00000000a0000000,0x00000000a2a26318,0x00000000ac280000)
 Metaspace       used 88519K, capacity 93910K, committed 94040K, reserved 1130496K
  class space    used 11855K, capacity 12827K, committed 12928K, reserved 1048576K
Event: 235.057 GC heap after
Heap after GC invocations=17 (full 3):
 PSYoungGen      total 299008K, used 22187K [0x00000000e0000000, 0x00000000f4100000, 0x0000000100000000)
  eden space 276480K, 0% used [0x00000000e0000000,0x00000000e0000000,0x00000000f0e00000)
  from space 22528K, 98% used [0x00000000f2b00000,0x00000000f40aaf00,0x00000000f4100000)
  to   space 25600K, 0% used [0x00000000f0f00000,0x00000000f0f00000,0x00000000f2800000)
 ParOldGen       total 199168K, used 43168K [0x00000000a0000000, 0x00000000ac280000, 0x00000000e0000000)
  object space 199168K, 21% used [0x00000000a0000000,0x00000000a2a28318,0x00000000ac280000)
 Metaspace       used 88519K, capacity 93910K, committed 94040K, reserved 1130496K
  class space    used 11855K, capacity 12827K, committed 12928K, reserved 1048576K
}

