# JRE version: OpenJDK Runtime Environment (8.0_242-b01) (build 1.8.0_242-release-1644-b01)
# Java VM: OpenJDK 64-Bit Server VM (25.242-b01 mixed mode windows-amd64 compressed oops)
Heap:
 PSYoungGen      total 237056K, used 45941K [0x00000000e0000000, 0x00000000f2180000, 0x0000000100000000)
  eden space 218624K, 21% used [0x00000000e0000000,0x00000000e2cdd440,0x00000000ed580000)
  from space 18432K, 0% used [0x00000000ee800000,0x00000000ee800000,0x00000000efa00000)
  to   space 18944K, 0% used [0x00000000ed580000,0x00000000ed580000,0x00000000ee800000)
 ParOldGen       total 196096K, used 29714K [0x00000000a0000000, 0x00000000abf80000, 0x00000000e0000000)
  object space 196096K, 15% used [0x00000000a0000000,0x00000000a1d04ba8,0x00000000abf80000)
 Metaspace       used 59692K, capacity 62228K, committed 62296K, reserved 1103872K
  class space    used 8257K, capacity 8801K, committed 8832K, reserved 1048576K
GC Heap History (10 events):
Event: 4.191 GC heap before
{Heap before GC invocations=9 (full 2):
 PSYoungGen      total 125440K, used 7950K [0x00000000e0000000, 0x00000000ed980000, 0x0000000100000000)
  eden space 113152K, 0% used [0x00000000e0000000,0x00000000e0000000,0x00000000e6e80000)
  from space 12288K, 64% used [0x00000000e6e80000,0x00000000e7643a28,0x00000000e7a80000)
  to   space 11776K, 0% used [0x00000000ece00000,0x00000000ece00000,0x00000000ed980000)
 ParOldGen       total 88064K, used 7371K [0x00000000a0000000, 0x00000000a5600000, 0x00000000e0000000)
  object space 88064K, 8% used [0x00000000a0000000,0x00000000a0732f80,0x00000000a5600000)
 Metaspace       used 34175K, capacity 35392K, committed 35416K, reserved 1079296K
  class space    used 4702K, capacity 4973K, committed 4992K, reserved 1048576K
Event: 4.223 GC heap after
Heap after GC invocations=9 (full 2):
 PSYoungGen      total 125440K, used 0K [0x00000000e0000000, 0x00000000ed980000, 0x0000000100000000)
  eden space 113152K, 0% used [0x00000000e0000000,0x00000000e0000000,0x00000000e6e80000)
  from space 12288K, 0% used [0x00000000e6e80000,0x00000000e6e80000,0x00000000e7a80000)
  to   space 11776K, 0% used [0x00000000ece00000,0x00000000ece00000,0x00000000ed980000)
 ParOldGen       total 131072K, used 14607K [0x00000000a0000000, 0x00000000a8000000, 0x00000000e0000000)
  object space 131072K, 11% used [0x00000000a0000000,0x00000000a0e43dc8,0x00000000a8000000)
 Metaspace       used 34175K, capacity 35392K, committed 35416K, reserved 1079296K
  class space    used 4702K, capacity 4973K, committed 4992K, reserved 1048576K
}
Event: 4.969 GC heap before
{Heap before GC invocations=10 (full 2):
 PSYoungGen      total 125440K, used 113152K [0x00000000e0000000, 0x00000000ed980000, 0x0000000100000000)
  eden space 113152K, 100% used [0x00000000e0000000,0x00000000e6e80000,0x00000000e6e80000)
  from space 12288K, 0% used [0x00000000e6e80000,0x00000000e6e80000,0x00000000e7a80000)
  to   space 11776K, 0% used [0x00000000ece00000,0x00000000ece00000,0x00000000ed980000)
 ParOldGen       total 131072K, used 14607K [0x00000000a0000000, 0x00000000a8000000, 0x00000000e0000000)
  object space 131072K, 11% used [0x00000000a0000000,0x00000000a0e43dc8,0x00000000a8000000)
 Metaspace       used 38624K, capacity 40456K, committed 40792K, reserved 1085440K
  class space    used 5330K, capacity 5679K, committed 5760K, reserved 1048576K
Event: 4.975 GC heap after
Heap after GC invocations=10 (full 2):
 PSYoungGen      total 179712K, used 8821K [0x00000000e0000000, 0x00000000ed700000, 0x0000000100000000)
  eden space 170496K, 0% used [0x00000000e0000000,0x00000000e0000000,0x00000000ea680000)
  from space 9216K, 95% used [0x00000000ece00000,0x00000000ed69d690,0x00000000ed700000)
  to   space 11776K, 0% used [0x00000000ec000000,0x00000000ec000000,0x00000000ecb80000)
 ParOldGen       total 131072K, used 14615K [0x00000000a0000000, 0x00000000a8000000, 0x00000000e0000000)
  object space 131072K, 11% used [0x00000000a0000000,0x00000000a0e45dc8,0x00000000a8000000)
 Metaspace       used 38624K, capacity 40456K, committed 40792K, reserved 1085440K
  class space    used 5330K, capacity 5679K, committed 5760K, reserved 1048576K
}
Event: 6.540 GC heap before
{Heap before GC invocations=11 (full 2):
 PSYoungGen      total 179712K, used 179317K [0x00000000e0000000, 0x00000000ed700000, 0x0000000100000000)
  eden space 170496K, 100% used [0x00000000e0000000,0x00000000ea680000,0x00000000ea680000)
  from space 9216K, 95% used [0x00000000ece00000,0x00000000ed69d690,0x00000000ed700000)
  to   space 11776K, 0% used [0x00000000ec000000,0x00000000ec000000,0x00000000ecb80000)
 ParOldGen       total 131072K, used 14615K [0x00000000a0000000, 0x00000000a8000000, 0x00000000e0000000)
  object space 131072K, 11% used [0x00000000a0000000,0x00000000a0e45dc8,0x00000000a8000000)
 Metaspace       used 54715K, capacity 57068K, committed 57176K, reserved 1097728K
  class space    used 7453K, capacity 7959K, committed 8064K, reserved 1048576K
Event: 6.556 GC heap after
Heap after GC invocations=11 (full 2):
 PSYoungGen      total 208384K, used 11748K [0x00000000e0000000, 0x00000000efa00000, 0x0000000100000000)
  eden space 196608K, 0% used [0x00000000e0000000,0x00000000e0000000,0x00000000ec000000)
  from space 11776K, 99% used [0x00000000ec000000,0x00000000ecb79310,0x00000000ecb80000)
  to   space 18432K, 0% used [0x00000000ee800000,0x00000000ee800000,0x00000000efa00000)
 ParOldGen       total 131072K, used 28597K [0x00000000a0000000, 0x00000000a8000000, 0x00000000e0000000)
  object space 131072K, 21% used [0x00000000a0000000,0x00000000a1bed658,0x00000000a8000000)
 Metaspace       used 54715K, capacity 57068K, committed 57176K, reserved 1097728K
  class space    used 7453K, capacity 7959K, committed 8064K, reserved 1048576K
}
Event: 6.809 GC heap before
{Heap before GC invocations=12 (full 2):
 PSYoungGen      total 208384K, used 38661K [0x00000000e0000000, 0x00000000efa00000, 0x0000000100000000)
  eden space 196608K, 13% used [0x00000000e0000000,0x00000000e1a483b8,0x00000000ec000000)
  from space 11776K, 99% used [0x00000000ec000000,0x00000000ecb79310,0x00000000ecb80000)
  to   space 18432K, 0% used [0x00000000ee800000,0x00000000ee800000,0x00000000efa00000)
 ParOldGen       total 131072K, used 28597K [0x00000000a0000000, 0x00000000a8000000, 0x00000000e0000000)
  object space 131072K, 21% used [0x00000000a0000000,0x00000000a1bed658,0x00000000a8000000)
 Metaspace       used 56430K, capacity 58860K, committed 58968K, reserved 1099776K
  class space    used 7726K, capacity 8227K, committed 8320K, reserved 1048576K
Event: 6.817 GC heap after
Heap after GC invocations=12 (full 2):
 PSYoungGen      total 237056K, used 14137K [0x00000000e0000000, 0x00000000f2180000, 0x0000000100000000)
  eden space 218624K, 0% used [0x00000000e0000000,0x00000000e0000000,0x00000000ed580000)
  from space 18432K, 76% used [0x00000000ee800000,0x00000000ef5ce650,0x00000000efa00000)
  to   space 18944K, 0% used [0x00000000ed580000,0x00000000ed580000,0x00000000ee800000)
 ParOldGen       total 131072K, used 28605K [0x00000000a0000000, 0x00000000a8000000, 0x00000000e0000000)
  object space 131072K, 21% used [0x00000000a0000000,0x00000000a1bef658,0x00000000a8000000)
 Metaspace       used 56430K, capacity 58860K, committed 58968K, reserved 1099776K
  class space    used 7726K, capacity 8227K, committed 8320K, reserved 1048576K
}
Event: 6.817 GC heap before
{Heap before GC invocations=13 (full 3):
 PSYoungGen      total 237056K, used 14137K [0x00000000e0000000, 0x00000000f2180000, 0x0000000100000000)
  eden space 218624K, 0% used [0x00000000e0000000,0x00000000e0000000,0x00000000ed580000)
  from space 18432K, 76% used [0x00000000ee800000,0x00000000ef5ce650,0x00000000efa00000)
  to   space 18944K, 0% used [0x00000000ed580000,0x00000000ed580000,0x00000000ee800000)
 ParOldGen       total 131072K, used 28605K [0x00000000a0000000, 0x00000000a8000000, 0x00000000e0000000)
  object space 131072K, 21% used [0x00000000a0000000,0x00000000a1bef658,0x00000000a8000000)
 Metaspace       used 56430K, capacity 58860K, committed 58968K, reserved 1099776K
  class space    used 7726K, capacity 8227K, committed 8320K, reserved 1048576K
Event: 7.021 GC heap after
Heap after GC invocations=13 (full 3):
 PSYoungGen      total 237056K, used 0K [0x00000000e0000000, 0x00000000f2180000, 0x0000000100000000)
  eden space 218624K, 0% used [0x00000000e0000000,0x00000000e0000000,0x00000000ed580000)
  from space 18432K, 0% used [0x00000000ee800000,0x00000000ee800000,0x00000000efa00000)
  to   space 18944K, 0% used [0x00000000ed580000,0x00000000ed580000,0x00000000ee800000)
 ParOldGen       total 196096K, used 29714K [0x00000000a0000000, 0x00000000abf80000, 0x00000000e0000000)
  object space 196096K, 15% used [0x00000000a0000000,0x00000000a1d04ba8,0x00000000abf80000)
 Metaspace       used 56359K, capacity 58620K, committed 58968K, reserved 1099776K
  class space    used 7705K, capacity 8187K, committed 8320K, reserved 1048576K
}

